SF:lib\api\geocoding_api\geocoding_api_client.dart
DA:14,1
DA:15,1
DA:21,1
DA:22,1
DA:25,1
DA:28,2
DA:30,2
DA:31,1
DA:34,2
DA:36,2
DA:38,1
DA:40,2
DA:42,2
LF:13
LH:13
end_of_record
SF:lib\api\geocoding_api\models\location.dart
DA:7,2
DA:14,2
DA:15,2
LF:3
LH:3
end_of_record
SF:lib\api\geocoding_api\models\location.g.dart
DA:11,4
DA:14,2
DA:15,2
DA:16,4
DA:17,4
DA:18,6
DA:19,6
LF:7
LH:7
end_of_record
SF:lib\api\open_meteo_api\models\weather.dart
DA:7,1
DA:9,1
DA:10,1
LF:3
LH:3
end_of_record
SF:lib\api\open_meteo_api\models\weather.g.dart
DA:11,2
DA:14,1
DA:15,1
DA:17,3
DA:19,3
LF:5
LH:5
end_of_record
SF:lib\api\open_meteo_api\open_meteo_api_client.dart
DA:14,1
DA:15,1
DA:21,1
DA:25,2
DA:26,1
DA:27,1
DA:31,2
DA:33,2
DA:34,1
DA:37,2
DA:39,1
DA:40,1
DA:43,1
DA:45,1
LF:14
LH:14
end_of_record
SF:lib\api\open_meteo_api\models\weather.dart
DA:7,1
DA:9,1
DA:10,1
LF:3
LH:3
end_of_record
SF:lib\api\open_meteo_api\models\weather.g.dart
DA:11,2
DA:14,1
DA:15,1
DA:17,3
DA:19,3
LF:5
LH:5
end_of_record
SF:lib\api\open_meteo_api\open_meteo_api_client.dart
DA:14,0
DA:15,0
DA:21,0
DA:25,0
DA:26,0
DA:27,0
DA:31,0
DA:33,0
DA:34,0
DA:37,0
DA:39,0
DA:40,0
DA:43,0
DA:45,0
LF:14
LH:0
end_of_record
